[2026-03-24 01:19:03] local.ERROR: The E:\FLutter_project_Tolab\LMS_tolab\Tolab-feature-university\backend\bootstrap\cache directory must be present and writable. {"exception":"[object] (Exception(code: 0): The E:\\FLutter_project_Tolab\\LMS_tolab\\Tolab-feature-university\\backend\\bootstrap\\cache directory must be present and writable. at E:/FLutter_project_Tolab/LMS_tolab/Tolab-feature-university/backend/vendor/laravel/framework/src/Illuminate/Foundation/PackageManifest.php:179)
[stacktrace]
#0 E:/FLutter_project_Tolab/LMS_tolab/Tolab-feature-university/backend/vendor/laravel/framework/src/Illuminate/Foundation/PackageManifest.php(132): Illuminate/Foundation/PackageManifest->write(Array)
#1 E:/FLutter_project_Tolab/LMS_tolab/Tolab-feature-university/backend/vendor/laravel/framework/src/Illuminate/Foundation/PackageManifest.php(108): Illuminate/Foundation/PackageManifest->build()
#2 E:/FLutter_project_Tolab/LMS_tolab/Tolab-feature-university/backend/vendor/laravel/framework/src/Illuminate/Foundation/PackageManifest.php(90): Illuminate/Foundation/PackageManifest->getManifest()
#3 E:/FLutter_project_Tolab/LMS_tolab/Tolab-feature-university/backend/vendor/laravel/framework/src/Illuminate/Foundation/PackageManifest.php(79): Illuminate/Foundation/PackageManifest->config('aliases')
#4 E:/FLutter_project_Tolab/LMS_tolab/Tolab-feature-university/backend/vendor/laravel/framework/src/Illuminate/Foundation/Bootstrap/RegisterFacades.php(26): Illuminate/Foundation/PackageManifest->aliases()
#5 E:/FLutter_project_Tolab/LMS_tolab/Tolab-feature-university/backend/vendor/laravel/framework/src/Illuminate/Foundation/Application.php(342): Illuminate/Foundation/Bootstrap/RegisterFacades->bootstrap(Object(Illuminate/Foundation/Application))
#6 E:/FLutter_project_Tolab/LMS_tolab/Tolab-feature-university/backend/vendor/laravel/framework/src/Illuminate/Foundation/Console/Kernel.php(494): Illuminate/Foundation/Application->bootstrapWith(Array)
#7 E:/FLutter_project_Tolab/LMS_tolab/Tolab-feature-university/backend/vendor/laravel/framework/src/Illuminate/Foundation/Console/Kernel.php(196): Illuminate/Foundation/Console/Kernel->bootstrap()
#8 E:/FLutter_project_Tolab/LMS_tolab/Tolab-feature-university/backend/vendor/laravel/framework/src/Illuminate/Foundation/Application.php(1235): Illuminate/Foundation/Console/Kernel->handle(Object(Symfony/Component/Console/Input/ArgvInput), Object(Symfony/Component/Console/Output/ConsoleOutput))
#9 E:/FLutter_project_Tolab/LMS_tolab/Tolab-feature-university/backend/artisan(13): Illuminate/Foundation/Application->handleCommand(Object(Symfony/Component/Console/Input/ArgvInput))
#10 {main}
"} 
[2026-03-24 01:24:25] local.ERROR: Target class [files] does not exist. {"exception":"[object] (Illuminate\\Contracts\\Container\\BindingResolutionException(code: 0): Target class [files] does not exist. at E:/FLutter_project_Tolab/LMS_tolab/Tolab-feature-university/backend/vendor/laravel/framework/src/Illuminate/Container/Container.php:1124)
[stacktrace]
#0 E:/FLutter_project_Tolab/LMS_tolab/Tolab-feature-university/backend/vendor/laravel/framework/src/Illuminate/Container/Container.php(933): Illuminate/Container/Container->build('files')
#1 E:/FLutter_project_Tolab/LMS_tolab/Tolab-feature-university/backend/vendor/laravel/framework/src/Illuminate/Foundation/Application.php(1078): Illuminate/Container/Container->resolve('files', Array, true)
#2 E:/FLutter_project_Tolab/LMS_tolab/Tolab-feature-university/backend/vendor/laravel/framework/src/Illuminate/Container/Container.php(864): Illuminate/Foundation/Application->resolve('files', Array)
#3 E:/FLutter_project_Tolab/LMS_tolab/Tolab-feature-university/backend/vendor/laravel/framework/src/Illuminate/Foundation/Application.php(1058): Illuminate/Container/Container->make('files', Array)
#4 E:/FLutter_project_Tolab/LMS_tolab/Tolab-feature-university/backend/vendor/laravel/framework/src/Illuminate/Container/Container.php(1805): Illuminate/Foundation/Application->make('files')
#5 E:/FLutter_project_Tolab/LMS_tolab/Tolab-feature-university/backend/vendor/laravel/framework/src/Illuminate/Foundation/Application.php(1333): Illuminate/Container/Container->offsetGet('files')
#6 E:/FLutter_project_Tolab/LMS_tolab/Tolab-feature-university/backend/vendor/laravel/sanctum/src/SanctumServiceProvider.php(68): Illuminate/Foundation/Application->routesAreCached()
#7 E:/FLutter_project_Tolab/LMS_tolab/Tolab-feature-university/backend/vendor/laravel/sanctum/src/SanctumServiceProvider.php(56): Laravel/Sanctum/SanctumServiceProvider->defineRoutes()
#8 E:/FLutter_project_Tolab/LMS_tolab/Tolab-feature-university/backend/vendor/laravel/framework/src/Illuminate/Container/BoundMethod.php(36): Laravel/Sanctum/SanctumServiceProvider->boot()
#9 E:/FLutter_project_Tolab/LMS_tolab/Tolab-feature-university/backend/vendor/laravel/framework/src/Illuminate/Container/Util.php(43): Illuminate/Container/BoundMethod::Illuminate/Container/{closure}()
#10 E:/FLutter_project_Tolab/LMS_tolab/Tolab-feature-university/backend/vendor/laravel/framework/src/Illuminate/Container/BoundMethod.php(96): Illuminate/Container/Util::unwrapIfClosure(Object(Closure))
#11 E:/FLutter_project_Tolab/LMS_tolab/Tolab-feature-university/backend/vendor/laravel/framework/src/Illuminate/Container/BoundMethod.php(35): Illuminate/Container/BoundMethod::callBoundMethod(Object(Illuminate/Foundation/Application), Array, Object(Closure))
#12 E:/FLutter_project_Tolab/LMS_tolab/Tolab-feature-university/backend/vendor/laravel/framework/src/Illuminate/Container/Container.php(799): Illuminate/Container/BoundMethod::call(Object(Illuminate/Foundation/Application), Array, Array, NULL)
#13 E:/FLutter_project_Tolab/LMS_tolab/Tolab-feature-university/backend/vendor/laravel/framework/src/Illuminate/Foundation/Application.php(1151): Illuminate/Container/Container->call(Array)
#14 E:/FLutter_project_Tolab/LMS_tolab/Tolab-feature-university/backend/vendor/laravel/framework/src/Illuminate/Foundation/Application.php(1132): Illuminate/Foundation/Application->bootProvider(Object(Laravel/Sanctum/SanctumServiceProvider))
#15 [internal function]: Illuminate/Foundation/Application->Illuminate/Foundation/{closure}(Object(Laravel/Sanctum/SanctumServiceProvider), 'Laravel//Sanctum...')
#16 E:/FLutter_project_Tolab/LMS_tolab/Tolab-feature-university/backend/vendor/laravel/framework/src/Illuminate/Foundation/Application.php(1131): array_walk(Array, Object(Closure))
#17 E:/FLutter_project_Tolab/LMS_tolab/Tolab-feature-university/backend/vendor/laravel/framework/src/Illuminate/Foundation/Bootstrap/BootProviders.php(17): Illuminate/Foundation/Application->boot()
#18 E:/FLutter_project_Tolab/LMS_tolab/Tolab-feature-university/backend/vendor/laravel/framework/src/Illuminate/Foundation/Application.php(342): Illuminate/Foundation/Bootstrap/BootProviders->bootstrap(Object(Illuminate/Foundation/Application))
#19 E:/FLutter_project_Tolab/LMS_tolab/Tolab-feature-university/backend/vendor/laravel/framework/src/Illuminate/Foundation/Console/Kernel.php(494): Illuminate/Foundation/Application->bootstrapWith(Array)
#20 E:/FLutter_project_Tolab/LMS_tolab/Tolab-feature-university/backend/vendor/laravel/framework/src/Illuminate/Foundation/Console/Kernel.php(196): Illuminate/Foundation/Console/Kernel->bootstrap()
#21 E:/FLutter_project_Tolab/LMS_tolab/Tolab-feature-university/backend/vendor/laravel/framework/src/Illuminate/Foundation/Application.php(1235): Illuminate/Foundation/Console/Kernel->handle(Object(Symfony/Component/Console/Input/ArgvInput), Object(Symfony/Component/Console/Output/ConsoleOutput))
#22 E:/FLutter_project_Tolab/LMS_tolab/Tolab-feature-university/backend/artisan(13): Illuminate/Foundation/Application->handleCommand(Object(Symfony/Component/Console/Input/ArgvInput))
#23 {main}

[previous exception] [object] (ReflectionException(code: -1): Class \"files\" does not exist at E:/FLutter_project_Tolab/LMS_tolab/Tolab-feature-university/backend/vendor/laravel/framework/src/Illuminate/Container/Container.php:1122)
[stacktrace]
#0 E:/FLutter_project_Tolab/LMS_tolab/Tolab-feature-university/backend/vendor/laravel/framework/src/Illuminate/Container/Container.php(1122): ReflectionClass->__construct('files')
#1 E:/FLutter_project_Tolab/LMS_tolab/Tolab-feature-university/backend/vendor/laravel/framework/src/Illuminate/Container/Container.php(933): Illuminate/Container/Container->build('files')
#2 E:/FLutter_project_Tolab/LMS_tolab/Tolab-feature-university/backend/vendor/laravel/framework/src/Illuminate/Foundation/Application.php(1078): Illuminate/Container/Container->resolve('files', Array, true)
#3 E:/FLutter_project_Tolab/LMS_tolab/Tolab-feature-university/backend/vendor/laravel/framework/src/Illuminate/Container/Container.php(864): Illuminate/Foundation/Application->resolve('files', Array)
#4 E:/FLutter_project_Tolab/LMS_tolab/Tolab-feature-university/backend/vendor/laravel/framework/src/Illuminate/Foundation/Application.php(1058): Illuminate/Container/Container->make('files', Array)
#5 E:/FLutter_project_Tolab/LMS_tolab/Tolab-feature-university/backend/vendor/laravel/framework/src/Illuminate/Container/Container.php(1805): Illuminate/Foundation/Application->make('files')
#6 E:/FLutter_project_Tolab/LMS_tolab/Tolab-feature-university/backend/vendor/laravel/framework/src/Illuminate/Foundation/Application.php(1333): Illuminate/Container/Container->offsetGet('files')
#7 E:/FLutter_project_Tolab/LMS_tolab/Tolab-feature-university/backend/vendor/laravel/sanctum/src/SanctumServiceProvider.php(68): Illuminate/Foundation/Application->routesAreCached()
#8 E:/FLutter_project_Tolab/LMS_tolab/Tolab-feature-university/backend/vendor/laravel/sanctum/src/SanctumServiceProvider.php(56): Laravel/Sanctum/SanctumServiceProvider->defineRoutes()
#9 E:/FLutter_project_Tolab/LMS_tolab/Tolab-feature-university/backend/vendor/laravel/framework/src/Illuminate/Container/BoundMethod.php(36): Laravel/Sanctum/SanctumServiceProvider->boot()
#10 E:/FLutter_project_Tolab/LMS_tolab/Tolab-feature-university/backend/vendor/laravel/framework/src/Illuminate/Container/Util.php(43): Illuminate/Container/BoundMethod::Illuminate/Container/{closure}()
#11 E:/FLutter_project_Tolab/LMS_tolab/Tolab-feature-university/backend/vendor/laravel/framework/src/Illuminate/Container/BoundMethod.php(96): Illuminate/Container/Util::unwrapIfClosure(Object(Closure))
#12 E:/FLutter_project_Tolab/LMS_tolab/Tolab-feature-university/backend/vendor/laravel/framework/src/Illuminate/Container/BoundMethod.php(35): Illuminate/Container/BoundMethod::callBoundMethod(Object(Illuminate/Foundation/Application), Array, Object(Closure))
#13 E:/FLutter_project_Tolab/LMS_tolab/Tolab-feature-university/backend/vendor/laravel/framework/src/Illuminate/Container/Container.php(799): Illuminate/Container/BoundMethod::call(Object(Illuminate/Foundation/Application), Array, Array, NULL)
#14 E:/FLutter_project_Tolab/LMS_tolab/Tolab-feature-university/backend/vendor/laravel/framework/src/Illuminate/Foundation/Application.php(1151): Illuminate/Container/Container->call(Array)
#15 E:/FLutter_project_Tolab/LMS_tolab/Tolab-feature-university/backend/vendor/laravel/framework/src/Illuminate/Foundation/Application.php(1132): Illuminate/Foundation/Application->bootProvider(Object(Laravel/Sanctum/SanctumServiceProvider))
#16 [internal function]: Illuminate/Foundation/Application->Illuminate/Foundation/{closure}(Object(Laravel/Sanctum/SanctumServiceProvider), 'Laravel//Sanctum...')
#17 E:/FLutter_project_Tolab/LMS_tolab/Tolab-feature-university/backend/vendor/laravel/framework/src/Illuminate/Foundation/Application.php(1131): array_walk(Array, Object(Closure))
#18 E:/FLutter_project_Tolab/LMS_tolab/Tolab-feature-university/backend/vendor/laravel/framework/src/Illuminate/Foundation/Bootstrap/BootProviders.php(17): Illuminate/Foundation/Application->boot()
#19 E:/FLutter_project_Tolab/LMS_tolab/Tolab-feature-university/backend/vendor/laravel/framework/src/Illuminate/Foundation/Application.php(342): Illuminate/Foundation/Bootstrap/BootProviders->bootstrap(Object(Illuminate/Foundation/Application))
#20 E:/FLutter_project_Tolab/LMS_tolab/Tolab-feature-university/backend/vendor/laravel/framework/src/Illuminate/Foundation/Console/Kernel.php(494): Illuminate/Foundation/Application->bootstrapWith(Array)
#21 E:/FLutter_project_Tolab/LMS_tolab/Tolab-feature-university/backend/vendor/laravel/framework/src/Illuminate/Foundation/Console/Kernel.php(196): Illuminate/Foundation/Console/Kernel->bootstrap()
#22 E:/FLutter_project_Tolab/LMS_tolab/Tolab-feature-university/backend/vendor/laravel/framework/src/Illuminate/Foundation/Application.php(1235): Illuminate/Foundation/Console/Kernel->handle(Object(Symfony/Component/Console/Input/ArgvInput), Object(Symfony/Component/Console/Output/ConsoleOutput))
#23 E:/FLutter_project_Tolab/LMS_tolab/Tolab-feature-university/backend/artisan(13): Illuminate/Foundation/Application->handleCommand(Object(Symfony/Component/Console/Input/ArgvInput))
#24 {main}
"} 
[2026-03-25 17:18:20] local.ERROR: Target class [files] does not exist. {"exception":"[object] (Illuminate\\Contracts\\Container\\BindingResolutionException(code: 0): Target class [files] does not exist. at E:/FLutter_project_Tolab/LMS_tolab/Tolab-feature-university/backend/vendor/laravel/framework/src/Illuminate/Container/Container.php:1124)
[stacktrace]
#0 E:/FLutter_project_Tolab/LMS_tolab/Tolab-feature-university/backend/vendor/laravel/framework/src/Illuminate/Container/Container.php(933): Illuminate/Container/Container->build('files')
#1 E:/FLutter_project_Tolab/LMS_tolab/Tolab-feature-university/backend/vendor/laravel/framework/src/Illuminate/Foundation/Application.php(1078): Illuminate/Container/Container->resolve('files', Array, true)
#2 E:/FLutter_project_Tolab/LMS_tolab/Tolab-feature-university/backend/vendor/laravel/framework/src/Illuminate/Container/Container.php(864): Illuminate/Foundation/Application->resolve('files', Array)
#3 E:/FLutter_project_Tolab/LMS_tolab/Tolab-feature-university/backend/vendor/laravel/framework/src/Illuminate/Foundation/Application.php(1058): Illuminate/Container/Container->make('files', Array)
#4 E:/FLutter_project_Tolab/LMS_tolab/Tolab-feature-university/backend/vendor/laravel/framework/src/Illuminate/Container/Container.php(1805): Illuminate/Foundation/Application->make('files')
#5 E:/FLutter_project_Tolab/LMS_tolab/Tolab-feature-university/backend/vendor/laravel/framework/src/Illuminate/Foundation/Application.php(1333): Illuminate/Container/Container->offsetGet('files')
#6 E:/FLutter_project_Tolab/LMS_tolab/Tolab-feature-university/backend/vendor/laravel/sanctum/src/SanctumServiceProvider.php(68): Illuminate/Foundation/Application->routesAreCached()
#7 E:/FLutter_project_Tolab/LMS_tolab/Tolab-feature-university/backend/vendor/laravel/sanctum/src/SanctumServiceProvider.php(56): Laravel/Sanctum/SanctumServiceProvider->defineRoutes()
#8 E:/FLutter_project_Tolab/LMS_tolab/Tolab-feature-university/backend/vendor/laravel/framework/src/Illuminate/Container/BoundMethod.php(36): Laravel/Sanctum/SanctumServiceProvider->boot()
#9 E:/FLutter_project_Tolab/LMS_tolab/Tolab-feature-university/backend/vendor/laravel/framework/src/Illuminate/Container/Util.php(43): Illuminate/Container/BoundMethod::{closure:Illuminate/Container/BoundMethod::call():35}()
#10 E:/FLutter_project_Tolab/LMS_tolab/Tolab-feature-university/backend/vendor/laravel/framework/src/Illuminate/Container/BoundMethod.php(96): Illuminate/Container/Util::unwrapIfClosure(Object(Closure))
#11 E:/FLutter_project_Tolab/LMS_tolab/Tolab-feature-university/backend/vendor/laravel/framework/src/Illuminate/Container/BoundMethod.php(35): Illuminate/Container/BoundMethod::callBoundMethod(Object(Illuminate/Foundation/Application), Array, Object(Closure))
#12 E:/FLutter_project_Tolab/LMS_tolab/Tolab-feature-university/backend/vendor/laravel/framework/src/Illuminate/Container/Container.php(799): Illuminate/Container/BoundMethod::call(Object(Illuminate/Foundation/Application), Array, Array, NULL)
#13 E:/FLutter_project_Tolab/LMS_tolab/Tolab-feature-university/backend/vendor/laravel/framework/src/Illuminate/Foundation/Application.php(1151): Illuminate/Container/Container->call(Array)
#14 E:/FLutter_project_Tolab/LMS_tolab/Tolab-feature-university/backend/vendor/laravel/framework/src/Illuminate/Foundation/Application.php(1132): Illuminate/Foundation/Application->bootProvider(Object(Laravel/Sanctum/SanctumServiceProvider))
#15 [internal function]: Illuminate/Foundation/Application->{closure:Illuminate/Foundation/Application::boot():1131}(Object(Laravel/Sanctum/SanctumServiceProvider), 'Laravel//Sanctum...')
#16 E:/FLutter_project_Tolab/LMS_tolab/Tolab-feature-university/backend/vendor/laravel/framework/src/Illuminate/Foundation/Application.php(1131): array_walk(Array, Object(Closure))
#17 E:/FLutter_project_Tolab/LMS_tolab/Tolab-feature-university/backend/vendor/laravel/framework/src/Illuminate/Foundation/Bootstrap/BootProviders.php(17): Illuminate/Foundation/Application->boot()
#18 E:/FLutter_project_Tolab/LMS_tolab/Tolab-feature-university/backend/vendor/laravel/framework/src/Illuminate/Foundation/Application.php(342): Illuminate/Foundation/Bootstrap/BootProviders->bootstrap(Object(Illuminate/Foundation/Application))
#19 E:/FLutter_project_Tolab/LMS_tolab/Tolab-feature-university/backend/vendor/laravel/framework/src/Illuminate/Foundation/Console/Kernel.php(494): Illuminate/Foundation/Application->bootstrapWith(Array)
#20 E:/FLutter_project_Tolab/LMS_tolab/Tolab-feature-university/backend/vendor/laravel/framework/src/Illuminate/Foundation/Console/Kernel.php(196): Illuminate/Foundation/Console/Kernel->bootstrap()
#21 E:/FLutter_project_Tolab/LMS_tolab/Tolab-feature-university/backend/vendor/laravel/framework/src/Illuminate/Foundation/Application.php(1235): Illuminate/Foundation/Console/Kernel->handle(Object(Symfony/Component/Console/Input/ArgvInput), Object(Symfony/Component/Console/Output/ConsoleOutput))
#22 E:/FLutter_project_Tolab/LMS_tolab/Tolab-feature-university/backend/artisan(13): Illuminate/Foundation/Application->handleCommand(Object(Symfony/Component/Console/Input/ArgvInput))
#23 {main}

[previous exception] [object] (ReflectionException(code: -1): Class \"files\" does not exist at E:/FLutter_project_Tolab/LMS_tolab/Tolab-feature-university/backend/vendor/laravel/framework/src/Illuminate/Container/Container.php:1122)
[stacktrace]
#0 E:/FLutter_project_Tolab/LMS_tolab/Tolab-feature-university/backend/vendor/laravel/framework/src/Illuminate/Container/Container.php(1122): ReflectionClass->__construct('files')
#1 E:/FLutter_project_Tolab/LMS_tolab/Tolab-feature-university/backend/vendor/laravel/framework/src/Illuminate/Container/Container.php(933): Illuminate/Container/Container->build('files')
#2 E:/FLutter_project_Tolab/LMS_tolab/Tolab-feature-university/backend/vendor/laravel/framework/src/Illuminate/Foundation/Application.php(1078): Illuminate/Container/Container->resolve('files', Array, true)
#3 E:/FLutter_project_Tolab/LMS_tolab/Tolab-feature-university/backend/vendor/laravel/framework/src/Illuminate/Container/Container.php(864): Illuminate/Foundation/Application->resolve('files', Array)
#4 E:/FLutter_project_Tolab/LMS_tolab/Tolab-feature-university/backend/vendor/laravel/framework/src/Illuminate/Foundation/Application.php(1058): Illuminate/Container/Container->make('files', Array)
#5 E:/FLutter_project_Tolab/LMS_tolab/Tolab-feature-university/backend/vendor/laravel/framework/src/Illuminate/Container/Container.php(1805): Illuminate/Foundation/Application->make('files')
#6 E:/FLutter_project_Tolab/LMS_tolab/Tolab-feature-university/backend/vendor/laravel/framework/src/Illuminate/Foundation/Application.php(1333): Illuminate/Container/Container->offsetGet('files')
#7 E:/FLutter_project_Tolab/LMS_tolab/Tolab-feature-university/backend/vendor/laravel/sanctum/src/SanctumServiceProvider.php(68): Illuminate/Foundation/Application->routesAreCached()
#8 E:/FLutter_project_Tolab/LMS_tolab/Tolab-feature-university/backend/vendor/laravel/sanctum/src/SanctumServiceProvider.php(56): Laravel/Sanctum/SanctumServiceProvider->defineRoutes()
#9 E:/FLutter_project_Tolab/LMS_tolab/Tolab-feature-university/backend/vendor/laravel/framework/src/Illuminate/Container/BoundMethod.php(36): Laravel/Sanctum/SanctumServiceProvider->boot()
#10 E:/FLutter_project_Tolab/LMS_tolab/Tolab-feature-university/backend/vendor/laravel/framework/src/Illuminate/Container/Util.php(43): Illuminate/Container/BoundMethod::{closure:Illuminate/Container/BoundMethod::call():35}()
#11 E:/FLutter_project_Tolab/LMS_tolab/Tolab-feature-university/backend/vendor/laravel/framework/src/Illuminate/Container/BoundMethod.php(96): Illuminate/Container/Util::unwrapIfClosure(Object(Closure))
#12 E:/FLutter_project_Tolab/LMS_tolab/Tolab-feature-university/backend/vendor/laravel/framework/src/Illuminate/Container/BoundMethod.php(35): Illuminate/Container/BoundMethod::callBoundMethod(Object(Illuminate/Foundation/Application), Array, Object(Closure))
#13 E:/FLutter_project_Tolab/LMS_tolab/Tolab-feature-university/backend/vendor/laravel/framework/src/Illuminate/Container/Container.php(799): Illuminate/Container/BoundMethod::call(Object(Illuminate/Foundation/Application), Array, Array, NULL)
#14 E:/FLutter_project_Tolab/LMS_tolab/Tolab-feature-university/backend/vendor/laravel/framework/src/Illuminate/Foundation/Application.php(1151): Illuminate/Container/Container->call(Array)
#15 E:/FLutter_project_Tolab/LMS_tolab/Tolab-feature-university/backend/vendor/laravel/framework/src/Illuminate/Foundation/Application.php(1132): Illuminate/Foundation/Application->bootProvider(Object(Laravel/Sanctum/SanctumServiceProvider))
#16 [internal function]: Illuminate/Foundation/Application->{closure:Illuminate/Foundation/Application::boot():1131}(Object(Laravel/Sanctum/SanctumServiceProvider), 'Laravel//Sanctum...')
#17 E:/FLutter_project_Tolab/LMS_tolab/Tolab-feature-university/backend/vendor/laravel/framework/src/Illuminate/Foundation/Application.php(1131): array_walk(Array, Object(Closure))
#18 E:/FLutter_project_Tolab/LMS_tolab/Tolab-feature-university/backend/vendor/laravel/framework/src/Illuminate/Foundation/Bootstrap/BootProviders.php(17): Illuminate/Foundation/Application->boot()
#19 E:/FLutter_project_Tolab/LMS_tolab/Tolab-feature-university/backend/vendor/laravel/framework/src/Illuminate/Foundation/Application.php(342): Illuminate/Foundation/Bootstrap/BootProviders->bootstrap(Object(Illuminate/Foundation/Application))
#20 E:/FLutter_project_Tolab/LMS_tolab/Tolab-feature-university/backend/vendor/laravel/framework/src/Illuminate/Foundation/Console/Kernel.php(494): Illuminate/Foundation/Application->bootstrapWith(Array)
#21 E:/FLutter_project_Tolab/LMS_tolab/Tolab-feature-university/backend/vendor/laravel/framework/src/Illuminate/Foundation/Console/Kernel.php(196): Illuminate/Foundation/Console/Kernel->bootstrap()
#22 E:/FLutter_project_Tolab/LMS_tolab/Tolab-feature-university/backend/vendor/laravel/framework/src/Illuminate/Foundation/Application.php(1235): Illuminate/Foundation/Console/Kernel->handle(Object(Symfony/Component/Console/Input/ArgvInput), Object(Symfony/Component/Console/Output/ConsoleOutput))
#23 E:/FLutter_project_Tolab/LMS_tolab/Tolab-feature-university/backend/artisan(13): Illuminate/Foundation/Application->handleCommand(Object(Symfony/Component/Console/Input/ArgvInput))
#24 {main}
"} 
[2026-03-25 17:27:14] local.ERROR: Target class [files] does not exist. {"exception":"[object] (Illuminate\\Contracts\\Container\\BindingResolutionException(code: 0): Target class [files] does not exist. at E:/FLutter_project_Tolab/LMS_tolab/Tolab-feature-university/backend/vendor/laravel/framework/src/Illuminate/Container/Container.php:1124)
[stacktrace]
#0 E:/FLutter_project_Tolab/LMS_tolab/Tolab-feature-university/backend/vendor/laravel/framework/src/Illuminate/Container/Container.php(933): Illuminate/Container/Container->build('files')
#1 E:/FLutter_project_Tolab/LMS_tolab/Tolab-feature-university/backend/vendor/laravel/framework/src/Illuminate/Foundation/Application.php(1078): Illuminate/Container/Container->resolve('files', Array, true)
#2 E:/FLutter_project_Tolab/LMS_tolab/Tolab-feature-university/backend/vendor/laravel/framework/src/Illuminate/Container/Container.php(864): Illuminate/Foundation/Application->resolve('files', Array)
#3 E:/FLutter_project_Tolab/LMS_tolab/Tolab-feature-university/backend/vendor/laravel/framework/src/Illuminate/Foundation/Application.php(1058): Illuminate/Container/Container->make('files', Array)
#4 E:/FLutter_project_Tolab/LMS_tolab/Tolab-feature-university/backend/vendor/laravel/framework/src/Illuminate/Container/Container.php(1805): Illuminate/Foundation/Application->make('files')
#5 E:/FLutter_project_Tolab/LMS_tolab/Tolab-feature-university/backend/vendor/laravel/framework/src/Illuminate/Foundation/Application.php(1333): Illuminate/Container/Container->offsetGet('files')
#6 E:/FLutter_project_Tolab/LMS_tolab/Tolab-feature-university/backend/vendor/laravel/sanctum/src/SanctumServiceProvider.php(68): Illuminate/Foundation/Application->routesAreCached()
#7 E:/FLutter_project_Tolab/LMS_tolab/Tolab-feature-university/backend/vendor/laravel/sanctum/src/SanctumServiceProvider.php(56): Laravel/Sanctum/SanctumServiceProvider->defineRoutes()
#8 E:/FLutter_project_Tolab/LMS_tolab/Tolab-feature-university/backend/vendor/laravel/framework/src/Illuminate/Container/BoundMethod.php(36): Laravel/Sanctum/SanctumServiceProvider->boot()
#9 E:/FLutter_project_Tolab/LMS_tolab/Tolab-feature-university/backend/vendor/laravel/framework/src/Illuminate/Container/Util.php(43): Illuminate/Container/BoundMethod::{closure:Illuminate/Container/BoundMethod::call():35}()
#10 E:/FLutter_project_Tolab/LMS_tolab/Tolab-feature-university/backend/vendor/laravel/framework/src/Illuminate/Container/BoundMethod.php(96): Illuminate/Container/Util::unwrapIfClosure(Object(Closure))
#11 E:/FLutter_project_Tolab/LMS_tolab/Tolab-feature-university/backend/vendor/laravel/framework/src/Illuminate/Container/BoundMethod.php(35): Illuminate/Container/BoundMethod::callBoundMethod(Object(Illuminate/Foundation/Application), Array, Object(Closure))
#12 E:/FLutter_project_Tolab/LMS_tolab/Tolab-feature-university/backend/vendor/laravel/framework/src/Illuminate/Container/Container.php(799): Illuminate/Container/BoundMethod::call(Object(Illuminate/Foundation/Application), Array, Array, NULL)
#13 E:/FLutter_project_Tolab/LMS_tolab/Tolab-feature-university/backend/vendor/laravel/framework/src/Illuminate/Foundation/Application.php(1151): Illuminate/Container/Container->call(Array)
#14 E:/FLutter_project_Tolab/LMS_tolab/Tolab-feature-university/backend/vendor/laravel/framework/src/Illuminate/Foundation/Application.php(1132): Illuminate/Foundation/Application->bootProvider(Object(Laravel/Sanctum/SanctumServiceProvider))
#15 [internal function]: Illuminate/Foundation/Application->{closure:Illuminate/Foundation/Application::boot():1131}(Object(Laravel/Sanctum/SanctumServiceProvider), 'Laravel//Sanctum...')
#16 E:/FLutter_project_Tolab/LMS_tolab/Tolab-feature-university/backend/vendor/laravel/framework/src/Illuminate/Foundation/Application.php(1131): array_walk(Array, Object(Closure))
#17 E:/FLutter_project_Tolab/LMS_tolab/Tolab-feature-university/backend/vendor/laravel/framework/src/Illuminate/Foundation/Bootstrap/BootProviders.php(17): Illuminate/Foundation/Application->boot()
#18 E:/FLutter_project_Tolab/LMS_tolab/Tolab-feature-university/backend/vendor/laravel/framework/src/Illuminate/Foundation/Application.php(342): Illuminate/Foundation/Bootstrap/BootProviders->bootstrap(Object(Illuminate/Foundation/Application))
#19 E:/FLutter_project_Tolab/LMS_tolab/Tolab-feature-university/backend/vendor/laravel/framework/src/Illuminate/Foundation/Console/Kernel.php(494): Illuminate/Foundation/Application->bootstrapWith(Array)
#20 E:/FLutter_project_Tolab/LMS_tolab/Tolab-feature-university/backend/vendor/laravel/framework/src/Illuminate/Foundation/Console/Kernel.php(196): Illuminate/Foundation/Console/Kernel->bootstrap()
#21 E:/FLutter_project_Tolab/LMS_tolab/Tolab-feature-university/backend/vendor/laravel/framework/src/Illuminate/Foundation/Application.php(1235): Illuminate/Foundation/Console/Kernel->handle(Object(Symfony/Component/Console/Input/ArgvInput), Object(Symfony/Component/Console/Output/ConsoleOutput))
#22 E:/FLutter_project_Tolab/LMS_tolab/Tolab-feature-university/backend/artisan(13): Illuminate/Foundation/Application->handleCommand(Object(Symfony/Component/Console/Input/ArgvInput))
#23 {main}

[previous exception] [object] (ReflectionException(code: -1): Class \"files\" does not exist at E:/FLutter_project_Tolab/LMS_tolab/Tolab-feature-university/backend/vendor/laravel/framework/src/Illuminate/Container/Container.php:1122)
[stacktrace]
#0 E:/FLutter_project_Tolab/LMS_tolab/Tolab-feature-university/backend/vendor/laravel/framework/src/Illuminate/Container/Container.php(1122): ReflectionClass->__construct('files')
#1 E:/FLutter_project_Tolab/LMS_tolab/Tolab-feature-university/backend/vendor/laravel/framework/src/Illuminate/Container/Container.php(933): Illuminate/Container/Container->build('files')
#2 E:/FLutter_project_Tolab/LMS_tolab/Tolab-feature-university/backend/vendor/laravel/framework/src/Illuminate/Foundation/Application.php(1078): Illuminate/Container/Container->resolve('files', Array, true)
#3 E:/FLutter_project_Tolab/LMS_tolab/Tolab-feature-university/backend/vendor/laravel/framework/src/Illuminate/Container/Container.php(864): Illuminate/Foundation/Application->resolve('files', Array)
#4 E:/FLutter_project_Tolab/LMS_tolab/Tolab-feature-university/backend/vendor/laravel/framework/src/Illuminate/Foundation/Application.php(1058): Illuminate/Container/Container->make('files', Array)
#5 E:/FLutter_project_Tolab/LMS_tolab/Tolab-feature-university/backend/vendor/laravel/framework/src/Illuminate/Container/Container.php(1805): Illuminate/Foundation/Application->make('files')
#6 E:/FLutter_project_Tolab/LMS_tolab/Tolab-feature-university/backend/vendor/laravel/framework/src/Illuminate/Foundation/Application.php(1333): Illuminate/Container/Container->offsetGet('files')
#7 E:/FLutter_project_Tolab/LMS_tolab/Tolab-feature-university/backend/vendor/laravel/sanctum/src/SanctumServiceProvider.php(68): Illuminate/Foundation/Application->routesAreCached()
#8 E:/FLutter_project_Tolab/LMS_tolab/Tolab-feature-university/backend/vendor/laravel/sanctum/src/SanctumServiceProvider.php(56): Laravel/Sanctum/SanctumServiceProvider->defineRoutes()
#9 E:/FLutter_project_Tolab/LMS_tolab/Tolab-feature-university/backend/vendor/laravel/framework/src/Illuminate/Container/BoundMethod.php(36): Laravel/Sanctum/SanctumServiceProvider->boot()
#10 E:/FLutter_project_Tolab/LMS_tolab/Tolab-feature-university/backend/vendor/laravel/framework/src/Illuminate/Container/Util.php(43): Illuminate/Container/BoundMethod::{closure:Illuminate/Container/BoundMethod::call():35}()
#11 E:/FLutter_project_Tolab/LMS_tolab/Tolab-feature-university/backend/vendor/laravel/framework/src/Illuminate/Container/BoundMethod.php(96): Illuminate/Container/Util::unwrapIfClosure(Object(Closure))
#12 E:/FLutter_project_Tolab/LMS_tolab/Tolab-feature-university/backend/vendor/laravel/framework/src/Illuminate/Container/BoundMethod.php(35): Illuminate/Container/BoundMethod::callBoundMethod(Object(Illuminate/Foundation/Application), Array, Object(Closure))
#13 E:/FLutter_project_Tolab/LMS_tolab/Tolab-feature-university/backend/vendor/laravel/framework/src/Illuminate/Container/Container.php(799): Illuminate/Container/BoundMethod::call(Object(Illuminate/Foundation/Application), Array, Array, NULL)
#14 E:/FLutter_project_Tolab/LMS_tolab/Tolab-feature-university/backend/vendor/laravel/framework/src/Illuminate/Foundation/Application.php(1151): Illuminate/Container/Container->call(Array)
#15 E:/FLutter_project_Tolab/LMS_tolab/Tolab-feature-university/backend/vendor/laravel/framework/src/Illuminate/Foundation/Application.php(1132): Illuminate/Foundation/Application->bootProvider(Object(Laravel/Sanctum/SanctumServiceProvider))
#16 [internal function]: Illuminate/Foundation/Application->{closure:Illuminate/Foundation/Application::boot():1131}(Object(Laravel/Sanctum/SanctumServiceProvider), 'Laravel//Sanctum...')
#17 E:/FLutter_project_Tolab/LMS_tolab/Tolab-feature-university/backend/vendor/laravel/framework/src/Illuminate/Foundation/Application.php(1131): array_walk(Array, Object(Closure))
#18 E:/FLutter_project_Tolab/LMS_tolab/Tolab-feature-university/backend/vendor/laravel/framework/src/Illuminate/Foundation/Bootstrap/BootProviders.php(17): Illuminate/Foundation/Application->boot()
#19 E:/FLutter_project_Tolab/LMS_tolab/Tolab-feature-university/backend/vendor/laravel/framework/src/Illuminate/Foundation/Application.php(342): Illuminate/Foundation/Bootstrap/BootProviders->bootstrap(Object(Illuminate/Foundation/Application))
#20 E:/FLutter_project_Tolab/LMS_tolab/Tolab-feature-university/backend/vendor/laravel/framework/src/Illuminate/Foundation/Console/Kernel.php(494): Illuminate/Foundation/Application->bootstrapWith(Array)
#21 E:/FLutter_project_Tolab/LMS_tolab/Tolab-feature-university/backend/vendor/laravel/framework/src/Illuminate/Foundation/Console/Kernel.php(196): Illuminate/Foundation/Console/Kernel->bootstrap()
#22 E:/FLutter_project_Tolab/LMS_tolab/Tolab-feature-university/backend/vendor/laravel/framework/src/Illuminate/Foundation/Application.php(1235): Illuminate/Foundation/Console/Kernel->handle(Object(Symfony/Component/Console/Input/ArgvInput), Object(Symfony/Component/Console/Output/ConsoleOutput))
#23 E:/FLutter_project_Tolab/LMS_tolab/Tolab-feature-university/backend/artisan(13): Illuminate/Foundation/Application->handleCommand(Object(Symfony/Component/Console/Input/ArgvInput))
#24 {main}
"} 
